[11-Dec-2024 09:47:41 UTC] PHP Fatal error:  Uncaught TypeError: is_file(): Argument #1 ($filename) must be of type string, WP_Error given in C:\Users\lucpe\Local Sites\CEF_WordPress_Site-Vitrine_LaVieDesPlantes_Test-version\la_vie_des_plantes\app\public\wp-content\plugins\elementor\includes\utils.php:816
Stack trace:
#0 C:\Users\lucpe\Local Sites\CEF_WordPress_Site-Vitrine_LaVieDesPlantes_Test-version\la_vie_des_plantes\app\public\wp-content\plugins\elementor\includes\utils.php(816): is_file(Object(WP_Error))
#1 C:\Users\lucpe\Local Sites\CEF_WordPress_Site-Vitrine_LaVieDesPlantes_Test-version\la_vie_des_plantes\app\public\wp-content\plugins\elementor\includes\template-library\sources\local.php(1434): Elementor\Utils::file_get_contents(Object(WP_Error))
#2 C:\Users\lucpe\Local Sites\CEF_WordPress_Site-Vitrine_LaVieDesPlantes_Test-version\la_vie_des_plantes\app\public\wp-content\plugins\elementor\includes\template-library\sources\local.php(918): Elementor\TemplateLibrary\Source_Local->import_single_template(Object(WP_Error))
#3 C:\Users\lucpe\Local Sites\CEF_WordPress_Site-Vitrine_LaVieDesPlantes_Test-version\la_vie_des_plantes\app\public\wp-content\plugins\skt-templates\vendor\websites\templates-directory\class-page-templates-directory.php(2406): Elementor\TemplateLibrary\Source_Local->import_template('Gardening', Object(WP_Error))
#4 C:\Users\lucpe\Local Sites\CEF_WordPress_Site-Vitrine_LaVieDesPlantes_Test-version\la_vie_des_plantes\app\public\wp-includes\rest-api\class-wp-rest-server.php(1292): SktThemes\PageTemplatesDirectory->import_elementor(Object(WP_REST_Request))
#5 C:\Users\lucpe\Local Sites\CEF_WordPress_Site-Vitrine_LaVieDesPlantes_Test-version\la_vie_des_plantes\app\public\wp-includes\rest-api\class-wp-rest-server.php(1125): WP_REST_Server->respond_to_request(Object(WP_REST_Request), '/templates-dire...', Array, NULL)
#6 C:\Users\lucpe\Local Sites\CEF_WordPress_Site-Vitrine_LaVieDesPlantes_Test-version\la_vie_des_plantes\app\public\wp-includes\rest-api\class-wp-rest-server.php(439): WP_REST_Server->dispatch(Object(WP_REST_Request))
#7 C:\Users\lucpe\Local Sites\CEF_WordPress_Site-Vitrine_LaVieDesPlantes_Test-version\la_vie_des_plantes\app\public\wp-includes\rest-api.php(449): WP_REST_Server->serve_request('/templates-dire...')
#8 C:\Users\lucpe\Local Sites\CEF_WordPress_Site-Vitrine_LaVieDesPlantes_Test-version\la_vie_des_plantes\app\public\wp-includes\class-wp-hook.php(324): rest_api_loaded(Object(WP))
#9 C:\Users\lucpe\Local Sites\CEF_WordPress_Site-Vitrine_LaVieDesPlantes_Test-version\la_vie_des_plantes\app\public\wp-includes\class-wp-hook.php(348): WP_Hook->apply_filters('', Array)
#10 C:\Users\lucpe\Local Sites\CEF_WordPress_Site-Vitrine_LaVieDesPlantes_Test-version\la_vie_des_plantes\app\public\wp-includes\plugin.php(565): WP_Hook->do_action(Array)
#11 C:\Users\lucpe\Local Sites\CEF_WordPress_Site-Vitrine_LaVieDesPlantes_Test-version\la_vie_des_plantes\app\public\wp-includes\class-wp.php(418): do_action_ref_array('parse_request', Array)
#12 C:\Users\lucpe\Local Sites\CEF_WordPress_Site-Vitrine_LaVieDesPlantes_Test-version\la_vie_des_plantes\app\public\wp-includes\class-wp.php(813): WP->parse_request('')
#13 C:\Users\lucpe\Local Sites\CEF_WordPress_Site-Vitrine_LaVieDesPlantes_Test-version\la_vie_des_plantes\app\public\wp-includes\functions.php(1336): WP->main('')
#14 C:\Users\lucpe\Local Sites\CEF_WordPress_Site-Vitrine_LaVieDesPlantes_Test-version\la_vie_des_plantes\app\public\wp-blog-header.php(16): wp()
#15 C:\Users\lucpe\Local Sites\CEF_WordPress_Site-Vitrine_LaVieDesPlantes_Test-version\la_vie_des_plantes\app\public\index.php(17): require('C:\\Users\\lucpe\\...')
#16 {main}
  thrown in C:\Users\lucpe\Local Sites\CEF_WordPress_Site-Vitrine_LaVieDesPlantes_Test-version\la_vie_des_plantes\app\public\wp-content\plugins\elementor\includes\utils.php on line 816
[11-Dec-2024 12:15:47 UTC] [Image Optimizer]: info in ImageOptimization\Modules\ConnectManager\Components\Connect->get_connect_status(): Status check error. Reason: User is not connected
[11-Dec-2024 12:21:12 UTC] PHP Warning:  Undefined array key "editor_post_id" in C:\Users\lucpe\Local Sites\CEF_WordPress_Site-Vitrine_LaVieDesPlantes_Test-version\la_vie_des_plantes\app\public\wp-content\plugins\elementor\modules\history\revisions-manager.php on line 363
[11-Dec-2024 12:32:01 UTC] [Image Optimizer]: info in ImageOptimization\Modules\ConnectManager\Components\Connect->get_connect_status(): Status check error. Reason: User is not connected
[11-Dec-2024 13:07:45 UTC] PHP Warning:  Undefined array key "editor_post_id" in C:\Users\lucpe\Local Sites\CEF_WordPress_Site-Vitrine_LaVieDesPlantes_Test-version\la_vie_des_plantes\app\public\wp-content\plugins\elementor\modules\history\revisions-manager.php on line 363
[11-Dec-2024 14:08:57 UTC] PHP Fatal error:  Uncaught TypeError: is_file(): Argument #1 ($filename) must be of type string, WP_Error given in C:\Users\lucpe\Local Sites\CEF_WordPress_Site-Vitrine_LaVieDesPlantes_Test-version\la_vie_des_plantes\app\public\wp-content\plugins\elementor\includes\utils.php:816
Stack trace:
#0 C:\Users\lucpe\Local Sites\CEF_WordPress_Site-Vitrine_LaVieDesPlantes_Test-version\la_vie_des_plantes\app\public\wp-content\plugins\elementor\includes\utils.php(816): is_file(Object(WP_Error))
#1 C:\Users\lucpe\Local Sites\CEF_WordPress_Site-Vitrine_LaVieDesPlantes_Test-version\la_vie_des_plantes\app\public\wp-content\plugins\elementor\includes\template-library\sources\local.php(1434): Elementor\Utils::file_get_contents(Object(WP_Error))
#2 C:\Users\lucpe\Local Sites\CEF_WordPress_Site-Vitrine_LaVieDesPlantes_Test-version\la_vie_des_plantes\app\public\wp-content\plugins\elementor\includes\template-library\sources\local.php(918): Elementor\TemplateLibrary\Source_Local->import_single_template(Object(WP_Error))
#3 C:\Users\lucpe\Local Sites\CEF_WordPress_Site-Vitrine_LaVieDesPlantes_Test-version\la_vie_des_plantes\app\public\wp-content\plugins\skt-templates\vendor\websites\templates-directory\class-page-templates-directory.php(2406): Elementor\TemplateLibrary\Source_Local->import_template('Flowershop', Object(WP_Error))
#4 C:\Users\lucpe\Local Sites\CEF_WordPress_Site-Vitrine_LaVieDesPlantes_Test-version\la_vie_des_plantes\app\public\wp-includes\rest-api\class-wp-rest-server.php(1292): SktThemes\PageTemplatesDirectory->import_elementor(Object(WP_REST_Request))
#5 C:\Users\lucpe\Local Sites\CEF_WordPress_Site-Vitrine_LaVieDesPlantes_Test-version\la_vie_des_plantes\app\public\wp-includes\rest-api\class-wp-rest-server.php(1125): WP_REST_Server->respond_to_request(Object(WP_REST_Request), '/templates-dire...', Array, NULL)
#6 C:\Users\lucpe\Local Sites\CEF_WordPress_Site-Vitrine_LaVieDesPlantes_Test-version\la_vie_des_plantes\app\public\wp-includes\rest-api\class-wp-rest-server.php(439): WP_REST_Server->dispatch(Object(WP_REST_Request))
#7 C:\Users\lucpe\Local Sites\CEF_WordPress_Site-Vitrine_LaVieDesPlantes_Test-version\la_vie_des_plantes\app\public\wp-includes\rest-api.php(449): WP_REST_Server->serve_request('/templates-dire...')
#8 C:\Users\lucpe\Local Sites\CEF_WordPress_Site-Vitrine_LaVieDesPlantes_Test-version\la_vie_des_plantes\app\public\wp-includes\class-wp-hook.php(324): rest_api_loaded(Object(WP))
#9 C:\Users\lucpe\Local Sites\CEF_WordPress_Site-Vitrine_LaVieDesPlantes_Test-version\la_vie_des_plantes\app\public\wp-includes\class-wp-hook.php(348): WP_Hook->apply_filters('', Array)
#10 C:\Users\lucpe\Local Sites\CEF_WordPress_Site-Vitrine_LaVieDesPlantes_Test-version\la_vie_des_plantes\app\public\wp-includes\plugin.php(565): WP_Hook->do_action(Array)
#11 C:\Users\lucpe\Local Sites\CEF_WordPress_Site-Vitrine_LaVieDesPlantes_Test-version\la_vie_des_plantes\app\public\wp-includes\class-wp.php(418): do_action_ref_array('parse_request', Array)
#12 C:\Users\lucpe\Local Sites\CEF_WordPress_Site-Vitrine_LaVieDesPlantes_Test-version\la_vie_des_plantes\app\public\wp-includes\class-wp.php(813): WP->parse_request('')
#13 C:\Users\lucpe\Local Sites\CEF_WordPress_Site-Vitrine_LaVieDesPlantes_Test-version\la_vie_des_plantes\app\public\wp-includes\functions.php(1336): WP->main('')
#14 C:\Users\lucpe\Local Sites\CEF_WordPress_Site-Vitrine_LaVieDesPlantes_Test-version\la_vie_des_plantes\app\public\wp-blog-header.php(16): wp()
#15 C:\Users\lucpe\Local Sites\CEF_WordPress_Site-Vitrine_LaVieDesPlantes_Test-version\la_vie_des_plantes\app\public\index.php(17): require('C:\\Users\\lucpe\\...')
#16 {main}
  thrown in C:\Users\lucpe\Local Sites\CEF_WordPress_Site-Vitrine_LaVieDesPlantes_Test-version\la_vie_des_plantes\app\public\wp-content\plugins\elementor\includes\utils.php on line 816
[11-Dec-2024 16:51:09 UTC] PHP Warning:  Undefined array key "editor_post_id" in C:\Users\lucpe\Local Sites\CEF_WordPress_Site-Vitrine_LaVieDesPlantes_Test-version\la_vie_des_plantes\app\public\wp-content\plugins\elementor\modules\history\revisions-manager.php on line 363
[11-Dec-2024 16:53:25 UTC] PHP Fatal error:  Uncaught TypeError: is_file(): Argument #1 ($filename) must be of type string, WP_Error given in C:\Users\lucpe\Local Sites\CEF_WordPress_Site-Vitrine_LaVieDesPlantes_Test-version\la_vie_des_plantes\app\public\wp-content\plugins\elementor\includes\utils.php:816
Stack trace:
#0 C:\Users\lucpe\Local Sites\CEF_WordPress_Site-Vitrine_LaVieDesPlantes_Test-version\la_vie_des_plantes\app\public\wp-content\plugins\elementor\includes\utils.php(816): is_file(Object(WP_Error))
#1 C:\Users\lucpe\Local Sites\CEF_WordPress_Site-Vitrine_LaVieDesPlantes_Test-version\la_vie_des_plantes\app\public\wp-content\plugins\elementor\includes\template-library\sources\local.php(1434): Elementor\Utils::file_get_contents(Object(WP_Error))
#2 C:\Users\lucpe\Local Sites\CEF_WordPress_Site-Vitrine_LaVieDesPlantes_Test-version\la_vie_des_plantes\app\public\wp-content\plugins\elementor\includes\template-library\sources\local.php(918): Elementor\TemplateLibrary\Source_Local->import_single_template(Object(WP_Error))
#3 C:\Users\lucpe\Local Sites\CEF_WordPress_Site-Vitrine_LaVieDesPlantes_Test-version\la_vie_des_plantes\app\public\wp-content\plugins\skt-templates\vendor\websites\templates-directory\class-page-templates-directory.php(2406): Elementor\TemplateLibrary\Source_Local->import_template('Flowershop', Object(WP_Error))
#4 C:\Users\lucpe\Local Sites\CEF_WordPress_Site-Vitrine_LaVieDesPlantes_Test-version\la_vie_des_plantes\app\public\wp-includes\rest-api\class-wp-rest-server.php(1292): SktThemes\PageTemplatesDirectory->import_elementor(Object(WP_REST_Request))
#5 C:\Users\lucpe\Local Sites\CEF_WordPress_Site-Vitrine_LaVieDesPlantes_Test-version\la_vie_des_plantes\app\public\wp-includes\rest-api\class-wp-rest-server.php(1125): WP_REST_Server->respond_to_request(Object(WP_REST_Request), '/templates-dire...', Array, NULL)
#6 C:\Users\lucpe\Local Sites\CEF_WordPress_Site-Vitrine_LaVieDesPlantes_Test-version\la_vie_des_plantes\app\public\wp-includes\rest-api\class-wp-rest-server.php(439): WP_REST_Server->dispatch(Object(WP_REST_Request))
#7 C:\Users\lucpe\Local Sites\CEF_WordPress_Site-Vitrine_LaVieDesPlantes_Test-version\la_vie_des_plantes\app\public\wp-includes\rest-api.php(449): WP_REST_Server->serve_request('/templates-dire...')
#8 C:\Users\lucpe\Local Sites\CEF_WordPress_Site-Vitrine_LaVieDesPlantes_Test-version\la_vie_des_plantes\app\public\wp-includes\class-wp-hook.php(324): rest_api_loaded(Object(WP))
#9 C:\Users\lucpe\Local Sites\CEF_WordPress_Site-Vitrine_LaVieDesPlantes_Test-version\la_vie_des_plantes\app\public\wp-includes\class-wp-hook.php(348): WP_Hook->apply_filters('', Array)
#10 C:\Users\lucpe\Local Sites\CEF_WordPress_Site-Vitrine_LaVieDesPlantes_Test-version\la_vie_des_plantes\app\public\wp-includes\plugin.php(565): WP_Hook->do_action(Array)
#11 C:\Users\lucpe\Local Sites\CEF_WordPress_Site-Vitrine_LaVieDesPlantes_Test-version\la_vie_des_plantes\app\public\wp-includes\class-wp.php(418): do_action_ref_array('parse_request', Array)
#12 C:\Users\lucpe\Local Sites\CEF_WordPress_Site-Vitrine_LaVieDesPlantes_Test-version\la_vie_des_plantes\app\public\wp-includes\class-wp.php(813): WP->parse_request('')
#13 C:\Users\lucpe\Local Sites\CEF_WordPress_Site-Vitrine_LaVieDesPlantes_Test-version\la_vie_des_plantes\app\public\wp-includes\functions.php(1336): WP->main('')
#14 C:\Users\lucpe\Local Sites\CEF_WordPress_Site-Vitrine_LaVieDesPlantes_Test-version\la_vie_des_plantes\app\public\wp-blog-header.php(16): wp()
#15 C:\Users\lucpe\Local Sites\CEF_WordPress_Site-Vitrine_LaVieDesPlantes_Test-version\la_vie_des_plantes\app\public\index.php(17): require('C:\\Users\\lucpe\\...')
#16 {main}
  thrown in C:\Users\lucpe\Local Sites\CEF_WordPress_Site-Vitrine_LaVieDesPlantes_Test-version\la_vie_des_plantes\app\public\wp-content\plugins\elementor\includes\utils.php on line 816
[24-Dec-2024 15:41:47 UTC] PHP Fatal error:  Uncaught Error: Call to a member function get_gallery_image_ids() on bool in C:\Users\lucpe\Local Sites\CEF_WordPress_Site-Vitrine_LaVieDesPlantes_Test-version\la_vie_des_plantes\app\public\wp-content\plugins\elementor\modules\ai\module.php:231
Stack trace:
#0 C:\Users\lucpe\Local Sites\CEF_WordPress_Site-Vitrine_LaVieDesPlantes_Test-version\la_vie_des_plantes\app\public\wp-includes\class-wp-hook.php(324): Elementor\Modules\Ai\Module->get_product_images_ajax('')
#1 C:\Users\lucpe\Local Sites\CEF_WordPress_Site-Vitrine_LaVieDesPlantes_Test-version\la_vie_des_plantes\app\public\wp-includes\class-wp-hook.php(348): WP_Hook->apply_filters('', Array)
#2 C:\Users\lucpe\Local Sites\CEF_WordPress_Site-Vitrine_LaVieDesPlantes_Test-version\la_vie_des_plantes\app\public\wp-includes\plugin.php(517): WP_Hook->do_action(Array)
#3 C:\Users\lucpe\Local Sites\CEF_WordPress_Site-Vitrine_LaVieDesPlantes_Test-version\la_vie_des_plantes\app\public\wp-admin\admin-ajax.php(192): do_action('wp_ajax_element...')
#4 {main}
  thrown in C:\Users\lucpe\Local Sites\CEF_WordPress_Site-Vitrine_LaVieDesPlantes_Test-version\la_vie_des_plantes\app\public\wp-content\plugins\elementor\modules\ai\module.php on line 231
[24-Dec-2024 17:23:21 UTC] PHP Fatal error:  Uncaught Error: Call to a member function get_gallery_image_ids() on bool in C:\Users\lucpe\Local Sites\CEF_WordPress_Site-Vitrine_LaVieDesPlantes_Test-version\la_vie_des_plantes\app\public\wp-content\plugins\elementor\modules\ai\module.php:231
Stack trace:
#0 C:\Users\lucpe\Local Sites\CEF_WordPress_Site-Vitrine_LaVieDesPlantes_Test-version\la_vie_des_plantes\app\public\wp-includes\class-wp-hook.php(324): Elementor\Modules\Ai\Module->get_product_images_ajax('')
#1 C:\Users\lucpe\Local Sites\CEF_WordPress_Site-Vitrine_LaVieDesPlantes_Test-version\la_vie_des_plantes\app\public\wp-includes\class-wp-hook.php(348): WP_Hook->apply_filters('', Array)
#2 C:\Users\lucpe\Local Sites\CEF_WordPress_Site-Vitrine_LaVieDesPlantes_Test-version\la_vie_des_plantes\app\public\wp-includes\plugin.php(517): WP_Hook->do_action(Array)
#3 C:\Users\lucpe\Local Sites\CEF_WordPress_Site-Vitrine_LaVieDesPlantes_Test-version\la_vie_des_plantes\app\public\wp-admin\admin-ajax.php(192): do_action('wp_ajax_element...')
#4 {main}
  thrown in C:\Users\lucpe\Local Sites\CEF_WordPress_Site-Vitrine_LaVieDesPlantes_Test-version\la_vie_des_plantes\app\public\wp-content\plugins\elementor\modules\ai\module.php on line 231
[24-Dec-2024 17:29:22 UTC] PHP Fatal error:  Uncaught Error: Call to a member function get_gallery_image_ids() on bool in C:\Users\lucpe\Local Sites\CEF_WordPress_Site-Vitrine_LaVieDesPlantes_Test-version\la_vie_des_plantes\app\public\wp-content\plugins\elementor\modules\ai\module.php:231
Stack trace:
#0 C:\Users\lucpe\Local Sites\CEF_WordPress_Site-Vitrine_LaVieDesPlantes_Test-version\la_vie_des_plantes\app\public\wp-includes\class-wp-hook.php(324): Elementor\Modules\Ai\Module->get_product_images_ajax('')
#1 C:\Users\lucpe\Local Sites\CEF_WordPress_Site-Vitrine_LaVieDesPlantes_Test-version\la_vie_des_plantes\app\public\wp-includes\class-wp-hook.php(348): WP_Hook->apply_filters('', Array)
#2 C:\Users\lucpe\Local Sites\CEF_WordPress_Site-Vitrine_LaVieDesPlantes_Test-version\la_vie_des_plantes\app\public\wp-includes\plugin.php(517): WP_Hook->do_action(Array)
#3 C:\Users\lucpe\Local Sites\CEF_WordPress_Site-Vitrine_LaVieDesPlantes_Test-version\la_vie_des_plantes\app\public\wp-admin\admin-ajax.php(192): do_action('wp_ajax_element...')
#4 {main}
  thrown in C:\Users\lucpe\Local Sites\CEF_WordPress_Site-Vitrine_LaVieDesPlantes_Test-version\la_vie_des_plantes\app\public\wp-content\plugins\elementor\modules\ai\module.php on line 231
[27-Dec-2024 10:23:50 UTC] WordPress database error Lock wait timeout exceeded; try restarting transaction for query UPDATE `wp_options` SET `option_value` = '1735214773.9478120803833007812500' WHERE `option_name` = '_transient_doing_cron' made by require_once('wp-load.php'), require_once('wp-config.php'), require_once('wp-settings.php'), do_action('wp_loaded'), WP_Hook->do_action, WP_Hook->apply_filters, _wp_cron, spawn_cron, set_transient, update_option
